
> tgui-example@1.0.0 start
> PORT=3001 react-scripts start

(node:32173) [DEP_WEBPACK_DEV_SERVER_ON_AFTER_SETUP_MIDDLEWARE] DeprecationWarning: 'onAfterSetupMiddleware' option is deprecated. Please use the 'setupMiddlewares' option.
(Use `node --trace-deprecation ...` to show where the warning was created)
(node:32173) [DEP_WEBPACK_DEV_SERVER_ON_BEFORE_SETUP_MIDDLEWARE] DeprecationWarning: 'onBeforeSetupMiddleware' option is deprecated. Please use the 'setupMiddlewares' option.
Starting the development server...

Compiled successfully!

You can now view tgui-example in the browser.

  Local:            http://localhost:3001
  On Your Network:  http://192.168.1.76:3001

Note that the development build is not optimized.
To create a production build, use yarn build.

webpack compiled successfully
Files successfully emitted, waiting for typecheck results...
Issues checking in progress...
No issues found.

> tgui-example@1.0.0 start
> PORT=3001 react-scripts start

Something is already running on port 3001.

> tgui-example@1.0.0 start
> PORT=3001 react-scripts start

Something is already running on port 3001.

> tgui-example@1.0.0 start
> PORT=3001 react-scripts start

(node:46881) [DEP_WEBPACK_DEV_SERVER_ON_AFTER_SETUP_MIDDLEWARE] DeprecationWarning: 'onAfterSetupMiddleware' option is deprecated. Please use the 'setupMiddlewares' option.
(Use `node --trace-deprecation ...` to show where the warning was created)
(node:46881) [DEP_WEBPACK_DEV_SERVER_ON_BEFORE_SETUP_MIDDLEWARE] DeprecationWarning: 'onBeforeSetupMiddleware' option is deprecated. Please use the 'setupMiddlewares' option.
Starting the development server...

Compiled successfully!

You can now view tgui-example in the browser.

  Local:            http://localhost:3001
  On Your Network:  http://192.168.1.76:3001

Note that the development build is not optimized.
To create a production build, use yarn build.

webpack compiled successfully
Files successfully emitted, waiting for typecheck results...
Issues checking in progress...
No issues found.

> tgui-example@1.0.0 start
> PORT=3001 react-scripts start

(node:64531) [DEP_WEBPACK_DEV_SERVER_ON_AFTER_SETUP_MIDDLEWARE] DeprecationWarning: 'onAfterSetupMiddleware' option is deprecated. Please use the 'setupMiddlewares' option.
(Use `node --trace-deprecation ...` to show where the warning was created)
(node:64531) [DEP_WEBPACK_DEV_SERVER_ON_BEFORE_SETUP_MIDDLEWARE] DeprecationWarning: 'onBeforeSetupMiddleware' option is deprecated. Please use the 'setupMiddlewares' option.
Starting the development server...

Compiled successfully!

You can now view tgui-example in the browser.

  Local:            http://localhost:3001
  On Your Network:  http://192.168.1.76:3001

Note that the development build is not optimized.
To create a production build, use yarn build.

webpack compiled successfully
Files successfully emitted, waiting for typecheck results...
Issues checking in progress...
No issues found.

> tgui-example@1.0.0 start
> PORT=3001 react-scripts start

(node:64753) [DEP_WEBPACK_DEV_SERVER_ON_AFTER_SETUP_MIDDLEWARE] DeprecationWarning: 'onAfterSetupMiddleware' option is deprecated. Please use the 'setupMiddlewares' option.
(Use `node --trace-deprecation ...` to show where the warning was created)
(node:64753) [DEP_WEBPACK_DEV_SERVER_ON_BEFORE_SETUP_MIDDLEWARE] DeprecationWarning: 'onBeforeSetupMiddleware' option is deprecated. Please use the 'setupMiddlewares' option.
Starting the development server...

Compiled successfully!

You can now view tgui-example in the browser.

  Local:            http://localhost:3001
  On Your Network:  http://192.168.1.76:3001

Note that the development build is not optimized.
To create a production build, use yarn build.

webpack compiled successfully
Files successfully emitted, waiting for typecheck results...
Issues checking in progress...
No issues found.

> tgui-example@1.0.0 start
> PORT=3001 react-scripts start

(node:64870) [DEP_WEBPACK_DEV_SERVER_ON_AFTER_SETUP_MIDDLEWARE] DeprecationWarning: 'onAfterSetupMiddleware' option is deprecated. Please use the 'setupMiddlewares' option.
(Use `node --trace-deprecation ...` to show where the warning was created)
(node:64870) [DEP_WEBPACK_DEV_SERVER_ON_BEFORE_SETUP_MIDDLEWARE] DeprecationWarning: 'onBeforeSetupMiddleware' option is deprecated. Please use the 'setupMiddlewares' option.
Starting the development server...

Compiled successfully!

You can now view tgui-example in the browser.

  Local:            http://localhost:3001
  On Your Network:  http://192.168.1.76:3001

Note that the development build is not optimized.
To create a production build, use yarn build.

webpack compiled successfully
Files successfully emitted, waiting for typecheck results...
Issues checking in progress...
No issues found.
